<?xml version="1.0" encoding="UTF-8"?>
<coverage generated="1488833918945" clover="3.2.0">
	<project timestamp="1488833918945"  name="All Files" >
		<metrics statements="31"  coveredstatements="22"  conditionals="14"  coveredconditionals="7"  methods="4"  coveredmethods="1"  elements="49"  coveredelements="30"  complexity="0"  packages="1"  files="1"  classes="1"  loc="57"  ncloc="57" />
		<package name="controllers" >
			<metrics statements="31"  coveredstatements="22"  conditionals="14"  coveredconditionals="7"  methods="4"  coveredmethods="1" />
			<file name="index.js"  path="Resources/iphone/alloy/controllers/index.js" >
				<metrics statements="31"  coveredstatements="22"  conditionals="14"  coveredconditionals="7"  methods="4"  coveredmethods="1" />
				<line num="1"  count="1"  type="stmt" />
				<line num="2"  count="0"  type="stmt" />
				<line num="3"  count="0"  type="cond"  truecount="0"  falsecount="2" />
				<line num="4"  count="0"  type="cond"  truecount="0"  falsecount="2" />
				<line num="5"  count="0"  type="stmt" />
				<line num="7"  count="0"  type="stmt" />
				<line num="10"  count="1"  type="stmt" />
				<line num="11"  count="1"  type="stmt" />
				<line num="12"  count="0"  type="stmt" />
				<line num="14"  count="1"  type="stmt" />
				<line num="15"  count="1"  type="stmt" />
				<line num="16"  count="1"  type="cond"  truecount="2"  falsecount="0" />
				<line num="17"  count="1"  type="cond"  truecount="1"  falsecount="1" />
				<line num="19"  count="0"  type="stmt" />
				<line num="22"  count="0"  type="stmt" />
				<line num="25"  count="0"  type="stmt" />
				<line num="28"  count="1"  type="stmt" />
				<line num="29"  count="1"  type="stmt" />
				<line num="30"  count="1"  type="stmt" />
				<line num="31"  count="1"  type="stmt" />
				<line num="35"  count="1"  type="cond"  truecount="2"  falsecount="0" />
				<line num="36"  count="1"  type="stmt" />
				<line num="46"  count="1"  type="stmt" />
				<line num="47"  count="1"  type="cond"  truecount="1"  falsecount="1" />
				<line num="48"  count="1"  type="stmt" />
				<line num="49"  count="1"  type="stmt" />
				<line num="50"  count="1"  type="stmt" />
				<line num="51"  count="1"  type="cond"  truecount="1"  falsecount="1" />
				<line num="52"  count="1"  type="stmt" />
				<line num="55"  count="1"  type="stmt" />
				<line num="57"  count="1"  type="stmt" />
			</file>
		</package>
	</project>
</coverage>
