TN:
SF:Resources/iphone/alloy/controllers/index.js
FN:1,__processArg
FN:10,Controller
FN:11,doClick
FN:48,(anonymous_4)
FNF:4
FNH:1
FNDA:0,__processArg
FNDA:1,Controller
FNDA:0,doClick
FNDA:0,(anonymous_4)
DA:1,1
DA:2,0
DA:3,0
DA:4,0
DA:5,0
DA:7,0
DA:10,1
DA:11,1
DA:12,0
DA:14,1
DA:15,1
DA:16,1
DA:17,1
DA:19,0
DA:22,0
DA:25,0
DA:28,1
DA:29,1
DA:30,1
DA:31,1
DA:35,1
DA:36,1
DA:46,1
DA:47,1
DA:48,1
DA:49,1
DA:50,1
DA:51,1
DA:52,1
DA:55,1
DA:57,1
LF:31
LH:22
BRDA:3,1,0,0
BRDA:3,1,1,0
BRDA:4,2,0,0
BRDA:4,2,1,0
BRDA:16,3,0,1
BRDA:16,3,1,1
BRDA:17,4,0,0
BRDA:17,4,1,1
BRDA:35,5,0,1
BRDA:35,5,1,1
BRDA:47,6,0,1
BRDA:47,6,1,0
BRDA:51,7,0,1
BRDA:51,7,1,0
BRF:14
BRH:7
end_of_record
